2024-01-14T16:09:57.271+07:00  INFO 16844 --- [main] edu.hust.it4409.ServerBootstrap          : Starting ServerBootstrap using Java 21.0.1 with PID 16844 (D:\Studying\Code\Java\Network\BT1\hw1\samples\nhom24-booking-server\build\classes\java\main started by admin in D:\Studying\Code\Java\Network\BT1\hw1)
2024-01-14T16:09:57.320+07:00  INFO 16844 --- [main] edu.hust.it4409.ServerBootstrap          : The following 2 profiles are active: "dev", "pg"
2024-01-14T16:09:59.655+07:00  INFO 16844 --- [main] .s.d.r.c.RepositoryConfigurationDelegate : Bootstrapping Spring Data JPA repositories in DEFAULT mode.
2024-01-14T16:10:01.071+07:00  INFO 16844 --- [main] .s.d.r.c.RepositoryConfigurationDelegate : Finished Spring Data repository scanning in 1385 ms. Found 2 JPA repository interfaces.
2024-01-14T16:10:02.595+07:00  INFO 16844 --- [main] com.zaxxer.hikari.HikariDataSource       : Application Connection Pool - Starting...
2024-01-14T16:10:05.214+07:00  INFO 16844 --- [main] com.zaxxer.hikari.pool.HikariPool        : Application Connection Pool - Added connection org.postgresql.jdbc.PgConnection@57c88764
2024-01-14T16:10:05.220+07:00  INFO 16844 --- [main] com.zaxxer.hikari.HikariDataSource       : Application Connection Pool - Start completed.
2024-01-14T16:10:05.723+07:00  INFO 16844 --- [main] o.hibernate.jpa.internal.util.LogHelper  : HHH000204: Processing PersistenceUnitInfo [name: default]
2024-01-14T16:10:06.017+07:00  INFO 16844 --- [main] org.hibernate.Version                    : HHH000412: Hibernate ORM core version 6.1.7.Final
2024-01-14T16:10:09.343+07:00  INFO 16844 --- [main] SQL dialect                              : HHH000400: Using dialect: org.hibernate.dialect.PostgreSQLDialect
2024-01-14T16:10:14.612+07:00  INFO 16844 --- [main] o.h.e.t.j.p.i.JtaPlatformInitiator       : HHH000490: Using JtaPlatform implementation: [org.hibernate.engine.transaction.jta.platform.internal.NoJtaPlatform]
2024-01-14T16:10:14.786+07:00  INFO 16844 --- [main] j.LocalContainerEntityManagerFactoryBean : Initialized JPA EntityManagerFactory for persistence unit 'default'
2024-01-14T16:10:17.268+07:00  INFO 16844 --- [main] edu.hust.it4409.ServerBootstrap          : Started ServerBootstrap in 21.216 seconds (process running for 22.73)
2024-01-14T16:10:17.415+07:00  INFO 16844 --- [main] edu.hust.it4409.ServerBootstrap          : The following 2 profiles are active: "dev", "pg"
2024-01-14T16:10:18.065+07:00  INFO 16844 --- [main] com.kien.servlet.ServletContextFacade    : Initializing Spring embedded WebApplicationContext
2024-01-14T16:10:18.066+07:00  INFO 16844 --- [main] w.s.c.ServletWebServerApplicationContext : Root WebApplicationContext: initialization completed in 600 ms
2024-01-14T16:10:18.182+07:00  WARN 16844 --- [main] o.s.security.core.userdetails.User       : User.withDefaultPasswordEncoder() is considered unsafe for production and is only intended for sample applications.
2024-01-14T16:10:18.330+07:00  WARN 16844 --- [main] o.s.security.core.userdetails.User       : User.withDefaultPasswordEncoder() is considered unsafe for production and is only intended for sample applications.
2024-01-14T16:10:18.912+07:00  INFO 16844 --- [main] o.s.s.web.DefaultSecurityFilterChain     : Will secure any request with [org.springframework.security.web.session.DisableEncodeUrlFilter@26f7b114, org.springframework.security.web.context.request.async.WebAsyncManagerIntegrationFilter@209d0037, org.springframework.security.web.context.SecurityContextHolderFilter@629dfb5a, org.springframework.security.web.header.HeaderWriterFilter@23adbd6b, org.springframework.security.web.authentication.logout.LogoutFilter@53dd29e0, org.springframework.security.web.authentication.UsernamePasswordAuthenticationFilter@446fb72e, org.springframework.security.web.authentication.ui.DefaultLoginPageGeneratingFilter@f73a7cf, org.springframework.security.web.authentication.ui.DefaultLogoutPageGeneratingFilter@22f0e329, org.springframework.security.web.authentication.www.BasicAuthenticationFilter@29a5f924, org.springframework.security.web.savedrequest.RequestCacheAwareFilter@38ae69f7, org.springframework.security.web.servletapi.SecurityContextHolderAwareRequestFilter@949f0d, org.springframework.security.web.authentication.AnonymousAuthenticationFilter@3b39bee2, org.springframework.security.web.access.ExceptionTranslationFilter@b332eda, org.springframework.security.web.access.intercept.AuthorizationFilter@6771efaa]
2024-01-14T16:10:18.996+07:00  INFO 16844 --- [main] com.kien.servlet.ServletContextFacade    : Servlet dispatcherServlet: Async is not supported!
2024-01-14T16:10:18.998+07:00  INFO 16844 --- [main] com.kien.servlet.ServletContextFacade    : Always load on startup!, value -1 is ignored
2024-01-14T16:10:19.014+07:00  INFO 16844 --- [main] com.kien.servlet.ServletContextFacade    : Async is not supported!
2024-01-14T16:10:19.015+07:00  INFO 16844 --- [main] com.kien.servlet.ServletContextFacade    : Filter springSecurityFilterChain:[isMatchAfter: false]
2024-01-14T16:10:19.250+07:00  INFO 16844 --- [main] com.kien.servlet.ServletContextFacade    : Initializing Spring DispatcherServlet 'dispatcherServlet'
2024-01-14T16:10:19.252+07:00  INFO 16844 --- [main] o.s.web.servlet.DispatcherServlet        : Initializing Servlet 'dispatcherServlet'
2024-01-14T16:10:19.255+07:00  INFO 16844 --- [main] o.s.web.servlet.DispatcherServlet        : Completed initialization in 2 ms
2024-01-14T16:10:19.288+07:00  INFO 16844 --- [Server Thread] c.k.n.core.support.AbstractWebServer     : Server started!
2024-01-14T16:10:19.289+07:00  INFO 16844 --- [Server Thread] c.k.n.core.support.AbstractWebServer     : Waiting for connection at localhost/127.0.0.1:8080
2024-01-14T16:10:19.294+07:00  INFO 16844 --- [main] edu.hust.it4409.ServerBootstrap          : Started ServerBootstrap in 2.018 seconds (process running for 24.756)
2024-01-14T16:12:02.384+07:00  INFO 16844 --- [Selector-IO-Thread-0] com.kien.http.HttpAdapter                : Started Http Adapter
2024-01-14T16:12:11.056+07:00  INFO 16844 --- [Selector-IO-Thread-0] com.kien.http.HttpAdapter                : Stopped Http Adapter
2024-01-14T16:12:12.779+07:00  INFO 16844 --- [Selector-IO-Thread-1] com.kien.http.HttpAdapter                : Started Http Adapter
2024-01-14T16:12:13.027+07:00  INFO 16844 --- [Selector-IO-Thread-2] com.kien.http.HttpAdapter                : Started Http Adapter
2024-01-14T16:12:13.218+07:00 DEBUG 16844 --- [Selector-IO-Thread-1] org.hibernate.SQL                        : select h1_0.hotel_id,case when h1_1.hotel_id is not null then 1 when h1_0.hotel_id is not null then 0 end,h1_0.description,h1_0.images,h1_0.minimal_cost,h1_0.currency,h1_0.name,h1_0.star,h1_1.breakfast,h1_1.internet,h1_1.parking,h1_1.pool from hotel_summary_view h1_0 left join hotel_amenity_view h1_1 on h1_0.hotel_id=h1_1.hotel_id where h1_0.minimal_cost>=? and h1_0.minimal_cost<=? offset ? rows fetch first ? rows only
2024-01-14T16:12:13.896+07:00  WARN 16844 --- [Selector-IO-Thread-1] o.h.engine.jdbc.spi.SqlExceptionHelper   : SQL Error: 0, SQLState: 42501
2024-01-14T16:12:13.898+07:00 ERROR 16844 --- [Selector-IO-Thread-1] o.h.engine.jdbc.spi.SqlExceptionHelper   : ERROR: permission denied for view hotel_summary_view
2024-01-14T16:12:13.916+07:00  WARN 16844 --- [Selector-IO-Thread-1] c.kien.servlet.context.ServletHandler    : Exception occurred: Request processing failed: org.springframework.dao.InvalidDataAccessResourceUsageException: JDBC exception executing SQL [select h1_0.hotel_id,case when h1_1.hotel_id is not null then 1 when h1_0.hotel_id is not null then 0 end,h1_0.description,h1_0.images,h1_0.minimal_cost,h1_0.currency,h1_0.name,h1_0.star,h1_1.breakfast,h1_1.internet,h1_1.parking,h1_1.pool from hotel_summary_view h1_0 left join hotel_amenity_view h1_1 on h1_0.hotel_id=h1_1.hotel_id where h1_0.minimal_cost>=? and h1_0.minimal_cost<=? offset ? rows fetch first ? rows only]; SQL [n/a]
2024-01-14T16:12:14.002+07:00  INFO 16844 --- [Selector-IO-Thread-1] com.kien.http.HttpAdapter                : Flushed
2024-01-14T16:12:14.007+07:00 DEBUG 16844 --- [Selector-IO-Thread-2] org.hibernate.SQL                        : select h1_0.hotel_id,case when h1_1.hotel_id is not null then 1 when h1_0.hotel_id is not null then 0 end,h1_0.description,h1_0.images,h1_0.minimal_cost,h1_0.currency,h1_0.name,h1_0.star,h1_1.breakfast,h1_1.internet,h1_1.parking,h1_1.pool from hotel_summary_view h1_0 left join hotel_amenity_view h1_1 on h1_0.hotel_id=h1_1.hotel_id where h1_0.minimal_cost>=? and h1_0.minimal_cost<=? offset ? rows fetch first ? rows only
2024-01-14T16:12:14.011+07:00  WARN 16844 --- [Selector-IO-Thread-2] o.h.engine.jdbc.spi.SqlExceptionHelper   : SQL Error: 0, SQLState: 42501
2024-01-14T16:12:14.012+07:00 ERROR 16844 --- [Selector-IO-Thread-2] o.h.engine.jdbc.spi.SqlExceptionHelper   : ERROR: permission denied for view hotel_summary_view
2024-01-14T16:12:14.014+07:00  WARN 16844 --- [Selector-IO-Thread-2] c.kien.servlet.context.ServletHandler    : Exception occurred: Request processing failed: org.springframework.dao.InvalidDataAccessResourceUsageException: JDBC exception executing SQL [select h1_0.hotel_id,case when h1_1.hotel_id is not null then 1 when h1_0.hotel_id is not null then 0 end,h1_0.description,h1_0.images,h1_0.minimal_cost,h1_0.currency,h1_0.name,h1_0.star,h1_1.breakfast,h1_1.internet,h1_1.parking,h1_1.pool from hotel_summary_view h1_0 left join hotel_amenity_view h1_1 on h1_0.hotel_id=h1_1.hotel_id where h1_0.minimal_cost>=? and h1_0.minimal_cost<=? offset ? rows fetch first ? rows only]; SQL [n/a]
2024-01-14T16:12:14.050+07:00  INFO 16844 --- [Selector-IO-Thread-2] com.kien.http.HttpAdapter                : Flushed
2024-01-14T16:12:21.064+07:00  INFO 16844 --- [Selector-IO-Thread-2] com.kien.http.HttpAdapter                : Stopped Http Adapter
2024-01-14T16:12:21.064+07:00  INFO 16844 --- [Selector-IO-Thread-1] com.kien.http.HttpAdapter                : Stopped Http Adapter
2024-01-14T16:15:09.993+07:00  INFO 8160 --- [main] edu.hust.it4409.ServerBootstrap          : Starting ServerBootstrap using Java 21.0.1 with PID 8160 (D:\Studying\Code\Java\Network\BT1\hw1\samples\nhom24-booking-server\build\classes\java\main started by admin in D:\Studying\Code\Java\Network\BT1\hw1)
2024-01-14T16:15:10.021+07:00  INFO 8160 --- [main] edu.hust.it4409.ServerBootstrap          : The following 2 profiles are active: "dev", "pg"
2024-01-14T16:15:11.064+07:00  INFO 8160 --- [main] .s.d.r.c.RepositoryConfigurationDelegate : Bootstrapping Spring Data JPA repositories in DEFAULT mode.
2024-01-14T16:15:12.171+07:00  INFO 8160 --- [main] .s.d.r.c.RepositoryConfigurationDelegate : Finished Spring Data repository scanning in 1089 ms. Found 2 JPA repository interfaces.
2024-01-14T16:15:12.569+07:00  INFO 8160 --- [main] com.zaxxer.hikari.HikariDataSource       : Application Connection Pool - Starting...
2024-01-14T16:15:13.030+07:00  INFO 8160 --- [main] com.zaxxer.hikari.pool.HikariPool        : Application Connection Pool - Added connection org.postgresql.jdbc.PgConnection@1ecfcbc9
2024-01-14T16:15:13.033+07:00  INFO 8160 --- [main] com.zaxxer.hikari.HikariDataSource       : Application Connection Pool - Start completed.
2024-01-14T16:15:13.312+07:00  INFO 8160 --- [main] o.hibernate.jpa.internal.util.LogHelper  : HHH000204: Processing PersistenceUnitInfo [name: default]
2024-01-14T16:15:13.414+07:00  INFO 8160 --- [main] org.hibernate.Version                    : HHH000412: Hibernate ORM core version 6.1.7.Final
2024-01-14T16:15:13.875+07:00  INFO 8160 --- [main] SQL dialect                              : HHH000400: Using dialect: org.hibernate.dialect.PostgreSQLDialect
2024-01-14T16:15:15.316+07:00  INFO 8160 --- [main] o.h.e.t.j.p.i.JtaPlatformInitiator       : HHH000490: Using JtaPlatform implementation: [org.hibernate.engine.transaction.jta.platform.internal.NoJtaPlatform]
2024-01-14T16:15:15.330+07:00  INFO 8160 --- [main] j.LocalContainerEntityManagerFactoryBean : Initialized JPA EntityManagerFactory for persistence unit 'default'
2024-01-14T16:15:16.315+07:00  INFO 8160 --- [main] edu.hust.it4409.ServerBootstrap          : Started ServerBootstrap in 7.566 seconds (process running for 8.762)
2024-01-14T16:15:16.456+07:00  INFO 8160 --- [main] edu.hust.it4409.ServerBootstrap          : The following 2 profiles are active: "dev", "pg"
2024-01-14T16:15:17.067+07:00  INFO 8160 --- [main] com.kien.servlet.ServletContextFacade    : Initializing Spring embedded WebApplicationContext
2024-01-14T16:15:17.068+07:00  INFO 8160 --- [main] w.s.c.ServletWebServerApplicationContext : Root WebApplicationContext: initialization completed in 550 ms
2024-01-14T16:15:17.179+07:00  WARN 8160 --- [main] o.s.security.core.userdetails.User       : User.withDefaultPasswordEncoder() is considered unsafe for production and is only intended for sample applications.
2024-01-14T16:15:17.320+07:00  WARN 8160 --- [main] o.s.security.core.userdetails.User       : User.withDefaultPasswordEncoder() is considered unsafe for production and is only intended for sample applications.
2024-01-14T16:15:17.626+07:00  INFO 8160 --- [main] o.s.s.web.DefaultSecurityFilterChain     : Will secure any request with [org.springframework.security.web.session.DisableEncodeUrlFilter@8961e55, org.springframework.security.web.context.request.async.WebAsyncManagerIntegrationFilter@67eabe02, org.springframework.security.web.context.SecurityContextHolderFilter@6484364f, org.springframework.security.web.header.HeaderWriterFilter@4411a0fe, org.springframework.security.web.authentication.logout.LogoutFilter@3f67f5ff, org.springframework.security.web.authentication.UsernamePasswordAuthenticationFilter@30b29f55, org.springframework.security.web.authentication.ui.DefaultLoginPageGeneratingFilter@3b39bee2, org.springframework.security.web.authentication.ui.DefaultLogoutPageGeneratingFilter@4197e859, org.springframework.security.web.authentication.www.BasicAuthenticationFilter@6bc08a77, org.springframework.security.web.savedrequest.RequestCacheAwareFilter@29f114e0, org.springframework.security.web.servletapi.SecurityContextHolderAwareRequestFilter@5f6ba085, org.springframework.security.web.authentication.AnonymousAuthenticationFilter@73072745, org.springframework.security.web.access.ExceptionTranslationFilter@4e93d23e, org.springframework.security.web.access.intercept.AuthorizationFilter@1677f98b]
2024-01-14T16:15:17.679+07:00  INFO 8160 --- [main] com.kien.servlet.ServletContextFacade    : Servlet dispatcherServlet: Async is not supported!
2024-01-14T16:15:17.681+07:00  INFO 8160 --- [main] com.kien.servlet.ServletContextFacade    : Always load on startup!, value -1 is ignored
2024-01-14T16:15:17.696+07:00  INFO 8160 --- [main] com.kien.servlet.ServletContextFacade    : Async is not supported!
2024-01-14T16:15:17.698+07:00  INFO 8160 --- [main] com.kien.servlet.ServletContextFacade    : Filter springSecurityFilterChain:[isMatchAfter: false]
2024-01-14T16:15:17.897+07:00  INFO 8160 --- [main] com.kien.servlet.ServletContextFacade    : Initializing Spring DispatcherServlet 'dispatcherServlet'
2024-01-14T16:15:17.898+07:00  INFO 8160 --- [main] o.s.web.servlet.DispatcherServlet        : Initializing Servlet 'dispatcherServlet'
2024-01-14T16:15:17.900+07:00  INFO 8160 --- [main] o.s.web.servlet.DispatcherServlet        : Completed initialization in 1 ms
2024-01-14T16:15:17.922+07:00  INFO 8160 --- [Server Thread] c.k.n.core.support.AbstractWebServer     : Server started!
2024-01-14T16:15:17.925+07:00  INFO 8160 --- [Server Thread] c.k.n.core.support.AbstractWebServer     : Waiting for connection at localhost/127.0.0.1:8080
2024-01-14T16:15:17.932+07:00  INFO 8160 --- [main] edu.hust.it4409.ServerBootstrap          : Started ServerBootstrap in 1.611 seconds (process running for 10.38)
2024-01-14T16:16:23.328+07:00  INFO 8160 --- [Selector-IO-Thread-0] com.kien.http.HttpAdapter                : Started Http Adapter
2024-01-14T16:16:23.351+07:00  INFO 8160 --- [Selector-IO-Thread-1] com.kien.http.HttpAdapter                : Started Http Adapter
2024-01-14T16:16:23.625+07:00 DEBUG 8160 --- [Selector-IO-Thread-0] org.hibernate.SQL                        : select h1_0.hotel_id,case when h1_1.hotel_id is not null then 1 when h1_0.hotel_id is not null then 0 end,h1_0.description,h1_0.images,h1_0.minimal_cost,h1_0.currency,h1_0.name,h1_0.star,h1_1.breakfast,h1_1.internet,h1_1.parking,h1_1.pool from hotel_summary_view h1_0 left join hotel_amenity_view h1_1 on h1_0.hotel_id=h1_1.hotel_id where h1_0.minimal_cost>=? and h1_0.minimal_cost<=? offset ? rows fetch first ? rows only
2024-01-14T16:16:23.645+07:00  WARN 8160 --- [Selector-IO-Thread-0] o.h.engine.jdbc.spi.SqlExceptionHelper   : SQL Error: 0, SQLState: 42501
2024-01-14T16:16:23.646+07:00 ERROR 8160 --- [Selector-IO-Thread-0] o.h.engine.jdbc.spi.SqlExceptionHelper   : ERROR: permission denied for view hotel_summary_view
2024-01-14T16:16:23.664+07:00  WARN 8160 --- [Selector-IO-Thread-0] c.kien.servlet.context.ServletHandler    : Exception occurred: Request processing failed: org.springframework.dao.InvalidDataAccessResourceUsageException: JDBC exception executing SQL [select h1_0.hotel_id,case when h1_1.hotel_id is not null then 1 when h1_0.hotel_id is not null then 0 end,h1_0.description,h1_0.images,h1_0.minimal_cost,h1_0.currency,h1_0.name,h1_0.star,h1_1.breakfast,h1_1.internet,h1_1.parking,h1_1.pool from hotel_summary_view h1_0 left join hotel_amenity_view h1_1 on h1_0.hotel_id=h1_1.hotel_id where h1_0.minimal_cost>=? and h1_0.minimal_cost<=? offset ? rows fetch first ? rows only]; SQL [n/a]
2024-01-14T16:16:23.759+07:00  INFO 8160 --- [Selector-IO-Thread-0] com.kien.http.HttpAdapter                : Flushed
2024-01-14T16:16:23.766+07:00 DEBUG 8160 --- [Selector-IO-Thread-1] org.hibernate.SQL                        : select h1_0.hotel_id,case when h1_1.hotel_id is not null then 1 when h1_0.hotel_id is not null then 0 end,h1_0.description,h1_0.images,h1_0.minimal_cost,h1_0.currency,h1_0.name,h1_0.star,h1_1.breakfast,h1_1.internet,h1_1.parking,h1_1.pool from hotel_summary_view h1_0 left join hotel_amenity_view h1_1 on h1_0.hotel_id=h1_1.hotel_id where h1_0.minimal_cost>=? and h1_0.minimal_cost<=? offset ? rows fetch first ? rows only
2024-01-14T16:16:23.769+07:00  WARN 8160 --- [Selector-IO-Thread-1] o.h.engine.jdbc.spi.SqlExceptionHelper   : SQL Error: 0, SQLState: 42501
2024-01-14T16:16:23.769+07:00 ERROR 8160 --- [Selector-IO-Thread-1] o.h.engine.jdbc.spi.SqlExceptionHelper   : ERROR: permission denied for view hotel_summary_view
2024-01-14T16:16:23.772+07:00  WARN 8160 --- [Selector-IO-Thread-1] c.kien.servlet.context.ServletHandler    : Exception occurred: Request processing failed: org.springframework.dao.InvalidDataAccessResourceUsageException: JDBC exception executing SQL [select h1_0.hotel_id,case when h1_1.hotel_id is not null then 1 when h1_0.hotel_id is not null then 0 end,h1_0.description,h1_0.images,h1_0.minimal_cost,h1_0.currency,h1_0.name,h1_0.star,h1_1.breakfast,h1_1.internet,h1_1.parking,h1_1.pool from hotel_summary_view h1_0 left join hotel_amenity_view h1_1 on h1_0.hotel_id=h1_1.hotel_id where h1_0.minimal_cost>=? and h1_0.minimal_cost<=? offset ? rows fetch first ? rows only]; SQL [n/a]
2024-01-14T16:16:23.811+07:00  INFO 8160 --- [Selector-IO-Thread-1] com.kien.http.HttpAdapter                : Flushed
2024-01-14T16:16:31.476+07:00  INFO 8160 --- [Selector-IO-Thread-0] com.kien.http.HttpAdapter                : Stopped Http Adapter
2024-01-14T16:16:31.476+07:00  INFO 8160 --- [Selector-IO-Thread-1] com.kien.http.HttpAdapter                : Stopped Http Adapter
2024-01-14T16:17:00.689+07:00  INFO 8160 --- [Selector-IO-Thread-2] com.kien.http.HttpAdapter                : Started Http Adapter
2024-01-14T16:17:00.694+07:00 DEBUG 8160 --- [Selector-IO-Thread-2] org.hibernate.SQL                        : select h1_0.hotel_id,case when h1_1.hotel_id is not null then 1 when h1_0.hotel_id is not null then 0 end,h1_0.description,h1_0.images,h1_0.minimal_cost,h1_0.currency,h1_0.name,h1_0.star,h1_1.breakfast,h1_1.internet,h1_1.parking,h1_1.pool from hotel_summary_view h1_0 left join hotel_amenity_view h1_1 on h1_0.hotel_id=h1_1.hotel_id where h1_0.minimal_cost>=? and h1_0.minimal_cost<=? offset ? rows fetch first ? rows only
2024-01-14T16:17:00.831+07:00  INFO 8160 --- [Selector-IO-Thread-2] o.j.m.DefaultMonetaryContextFactory      : Using custom MathContext: precision=256, roundingMode=HALF_EVEN
2024-01-14T16:17:00.932+07:00  INFO 8160 --- [Selector-IO-Thread-2] com.kien.http.HttpAdapter                : Flushed
2024-01-14T16:17:00.933+07:00  INFO 8160 --- [Selector-IO-Thread-3] com.kien.http.HttpAdapter                : Started Http Adapter
2024-01-14T16:17:00.939+07:00 DEBUG 8160 --- [Selector-IO-Thread-3] org.hibernate.SQL                        : select h1_0.hotel_id,case when h1_1.hotel_id is not null then 1 when h1_0.hotel_id is not null then 0 end,h1_0.description,h1_0.images,h1_0.minimal_cost,h1_0.currency,h1_0.name,h1_0.star,h1_1.breakfast,h1_1.internet,h1_1.parking,h1_1.pool from hotel_summary_view h1_0 left join hotel_amenity_view h1_1 on h1_0.hotel_id=h1_1.hotel_id where h1_0.minimal_cost>=? and h1_0.minimal_cost<=? offset ? rows fetch first ? rows only
2024-01-14T16:17:00.956+07:00  INFO 8160 --- [Selector-IO-Thread-3] com.kien.http.HttpAdapter                : Flushed
2024-01-14T16:17:01.532+07:00  INFO 8160 --- [Selector-IO-Thread-2] com.kien.http.HttpAdapter                : Stopped Http Adapter
2024-01-14T16:17:01.532+07:00  INFO 8160 --- [Selector-IO-Thread-3] com.kien.http.HttpAdapter                : Stopped Http Adapter
2024-01-14T16:19:01.292+07:00  INFO 12068 --- [main] edu.hust.it4409.ServerBootstrap          : Starting ServerBootstrap using Java 21.0.1 with PID 12068 (D:\Studying\Code\Java\Network\BT1\hw1\samples\nhom24-booking-server\build\classes\java\main started by admin in D:\Studying\Code\Java\Network\BT1\hw1)
2024-01-14T16:19:01.311+07:00  INFO 12068 --- [main] edu.hust.it4409.ServerBootstrap          : The following 2 profiles are active: "dev", "pg"
2024-01-14T16:19:02.460+07:00  INFO 12068 --- [main] .s.d.r.c.RepositoryConfigurationDelegate : Bootstrapping Spring Data JPA repositories in DEFAULT mode.
2024-01-14T16:19:02.933+07:00  INFO 12068 --- [main] .s.d.r.c.RepositoryConfigurationDelegate : Finished Spring Data repository scanning in 443 ms. Found 2 JPA repository interfaces.
2024-01-14T16:19:03.464+07:00  INFO 12068 --- [main] com.zaxxer.hikari.HikariDataSource       : Application Connection Pool - Starting...
2024-01-14T16:19:04.005+07:00  INFO 12068 --- [main] com.zaxxer.hikari.pool.HikariPool        : Application Connection Pool - Added connection org.postgresql.jdbc.PgConnection@3e850122
2024-01-14T16:19:04.008+07:00  INFO 12068 --- [main] com.zaxxer.hikari.HikariDataSource       : Application Connection Pool - Start completed.
2024-01-14T16:19:04.300+07:00  INFO 12068 --- [main] o.hibernate.jpa.internal.util.LogHelper  : HHH000204: Processing PersistenceUnitInfo [name: default]
2024-01-14T16:19:04.395+07:00  INFO 12068 --- [main] org.hibernate.Version                    : HHH000412: Hibernate ORM core version 6.1.7.Final
2024-01-14T16:19:04.901+07:00  INFO 12068 --- [main] SQL dialect                              : HHH000400: Using dialect: org.hibernate.dialect.PostgreSQLDialect
2024-01-14T16:19:06.533+07:00  INFO 12068 --- [main] o.h.e.t.j.p.i.JtaPlatformInitiator       : HHH000490: Using JtaPlatform implementation: [org.hibernate.engine.transaction.jta.platform.internal.NoJtaPlatform]
2024-01-14T16:19:06.552+07:00  INFO 12068 --- [main] j.LocalContainerEntityManagerFactoryBean : Initialized JPA EntityManagerFactory for persistence unit 'default'
2024-01-14T16:19:07.737+07:00  INFO 12068 --- [main] edu.hust.it4409.ServerBootstrap          : Started ServerBootstrap in 8.2 seconds (process running for 10.156)
2024-01-14T16:19:07.887+07:00  INFO 12068 --- [main] edu.hust.it4409.ServerBootstrap          : The following 2 profiles are active: "dev", "pg"
2024-01-14T16:19:08.347+07:00  INFO 12068 --- [main] com.kien.servlet.ServletContextFacade    : Initializing Spring embedded WebApplicationContext
2024-01-14T16:19:08.350+07:00  INFO 12068 --- [main] w.s.c.ServletWebServerApplicationContext : Root WebApplicationContext: initialization completed in 448 ms
2024-01-14T16:19:08.510+07:00  WARN 12068 --- [main] o.s.security.core.userdetails.User       : User.withDefaultPasswordEncoder() is considered unsafe for production and is only intended for sample applications.
2024-01-14T16:19:08.689+07:00  WARN 12068 --- [main] o.s.security.core.userdetails.User       : User.withDefaultPasswordEncoder() is considered unsafe for production and is only intended for sample applications.
2024-01-14T16:19:09.241+07:00  INFO 12068 --- [main] o.s.s.web.DefaultSecurityFilterChain     : Will secure any request with [org.springframework.security.web.session.DisableEncodeUrlFilter@69e308e2, org.springframework.security.web.context.request.async.WebAsyncManagerIntegrationFilter@3f67f5ff, org.springframework.security.web.context.SecurityContextHolderFilter@33a58fcb, org.springframework.security.web.header.HeaderWriterFilter@4198921f, org.springframework.security.web.authentication.logout.LogoutFilter@159a0f0e, org.springframework.security.web.authentication.UsernamePasswordAuthenticationFilter@22f0e329, org.springframework.security.web.authentication.ui.DefaultLoginPageGeneratingFilter@70f0c352, org.springframework.security.web.authentication.ui.DefaultLogoutPageGeneratingFilter@1c80f8dd, org.springframework.security.web.authentication.www.BasicAuthenticationFilter@67062a93, org.springframework.security.web.savedrequest.RequestCacheAwareFilter@328e687e, org.springframework.security.web.servletapi.SecurityContextHolderAwareRequestFilter@2d093067, org.springframework.security.web.authentication.AnonymousAuthenticationFilter@51b2b3e6, org.springframework.security.web.access.ExceptionTranslationFilter@38ae69f7, org.springframework.security.web.access.intercept.AuthorizationFilter@209d0037]
2024-01-14T16:19:09.299+07:00  INFO 12068 --- [main] com.kien.servlet.ServletContextFacade    : Servlet dispatcherServlet: Async is not supported!
2024-01-14T16:19:09.301+07:00  INFO 12068 --- [main] com.kien.servlet.ServletContextFacade    : Always load on startup!, value -1 is ignored
2024-01-14T16:19:09.306+07:00  INFO 12068 --- [main] com.kien.servlet.ServletContextFacade    : Async is not supported!
2024-01-14T16:19:09.308+07:00  INFO 12068 --- [main] com.kien.servlet.ServletContextFacade    : Filter springSecurityFilterChain:[isMatchAfter: false]
2024-01-14T16:19:09.557+07:00  INFO 12068 --- [main] com.kien.servlet.ServletContextFacade    : Initializing Spring DispatcherServlet 'dispatcherServlet'
2024-01-14T16:19:09.559+07:00  INFO 12068 --- [main] o.s.web.servlet.DispatcherServlet        : Initializing Servlet 'dispatcherServlet'
2024-01-14T16:19:09.564+07:00  INFO 12068 --- [main] o.s.web.servlet.DispatcherServlet        : Completed initialization in 3 ms
2024-01-14T16:19:09.570+07:00  INFO 12068 --- [Server Thread] c.k.n.core.support.AbstractWebServer     : Server started!
2024-01-14T16:19:09.572+07:00  INFO 12068 --- [Server Thread] c.k.n.core.support.AbstractWebServer     : Waiting for connection at localhost/127.0.0.1:8080
2024-01-14T16:19:09.576+07:00  INFO 12068 --- [main] edu.hust.it4409.ServerBootstrap          : Started ServerBootstrap in 1.831 seconds (process running for 11.995)
2024-01-14T16:19:41.111+07:00  INFO 12068 --- [Selector-IO-Thread-0] com.kien.http.HttpAdapter                : Started Http Adapter
2024-01-14T16:19:41.317+07:00 DEBUG 12068 --- [Selector-IO-Thread-0] org.hibernate.SQL                        : select h1_0.hotel_id,case when h1_1.hotel_id is not null then 1 when h1_0.hotel_id is not null then 0 end,h1_0.description,h1_0.images,h1_0.minimal_cost,h1_0.currency,h1_0.name,h1_0.star,h1_1.breakfast,h1_1.internet,h1_1.parking,h1_1.pool from hotel_summary_view h1_0 left join hotel_amenity_view h1_1 on h1_0.hotel_id=h1_1.hotel_id where h1_0.minimal_cost>=? and h1_0.minimal_cost<=? offset ? rows fetch first ? rows only
2024-01-14T16:19:41.336+07:00  INFO 12068 --- [Selector-IO-Thread-1] com.kien.http.HttpAdapter                : Started Http Adapter
2024-01-14T16:19:41.400+07:00  INFO 12068 --- [Selector-IO-Thread-0] o.j.m.DefaultMonetaryContextFactory      : Using custom MathContext: precision=256, roundingMode=HALF_EVEN
2024-01-14T16:19:41.605+07:00  INFO 12068 --- [Selector-IO-Thread-0] com.kien.http.HttpAdapter                : Flushed
2024-01-14T16:19:41.617+07:00 DEBUG 12068 --- [Selector-IO-Thread-1] org.hibernate.SQL                        : select h1_0.hotel_id,case when h1_1.hotel_id is not null then 1 when h1_0.hotel_id is not null then 0 end,h1_0.description,h1_0.images,h1_0.minimal_cost,h1_0.currency,h1_0.name,h1_0.star,h1_1.breakfast,h1_1.internet,h1_1.parking,h1_1.pool from hotel_summary_view h1_0 left join hotel_amenity_view h1_1 on h1_0.hotel_id=h1_1.hotel_id where h1_0.minimal_cost>=? and h1_0.minimal_cost<=? offset ? rows fetch first ? rows only
2024-01-14T16:19:41.656+07:00  INFO 12068 --- [Selector-IO-Thread-1] com.kien.http.HttpAdapter                : Flushed
2024-01-14T16:19:41.740+07:00  INFO 12068 --- [Selector-IO-Thread-0] com.kien.http.HttpAdapter                : Stopped Http Adapter
2024-01-14T16:19:41.740+07:00  INFO 12068 --- [Selector-IO-Thread-1] com.kien.http.HttpAdapter                : Stopped Http Adapter
2024-01-14T16:19:44.934+07:00  INFO 12068 --- [Selector-IO-Thread-2] com.kien.http.HttpAdapter                : Started Http Adapter
2024-01-14T16:19:44.941+07:00 DEBUG 12068 --- [Selector-IO-Thread-2] org.hibernate.SQL                        : select h1_0.hotel_id,case when h1_1.hotel_id is not null then 1 when h1_0.hotel_id is not null then 0 end,h1_0.description,h1_0.images,h1_0.minimal_cost,h1_0.currency,h1_0.name,h1_0.star,h1_1.breakfast,h1_1.internet,h1_1.parking,h1_1.pool from hotel_summary_view h1_0 left join hotel_amenity_view h1_1 on h1_0.hotel_id=h1_1.hotel_id where h1_0.minimal_cost>=? and h1_0.minimal_cost<=? and h1_0.star in(?) offset ? rows fetch first ? rows only
2024-01-14T16:19:44.956+07:00  INFO 12068 --- [Selector-IO-Thread-2] com.kien.http.HttpAdapter                : Flushed
2024-01-14T16:19:45.201+07:00  INFO 12068 --- [Selector-IO-Thread-3] com.kien.http.HttpAdapter                : Started Http Adapter
2024-01-14T16:19:45.977+07:00 DEBUG 12068 --- [Selector-IO-Thread-2] org.hibernate.SQL                        : select h1_0.hotel_id,case when h1_1.hotel_id is not null then 1 when h1_0.hotel_id is not null then 0 end,h1_0.description,h1_0.images,h1_0.minimal_cost,h1_0.currency,h1_0.name,h1_0.star,h1_1.breakfast,h1_1.internet,h1_1.parking,h1_1.pool from hotel_summary_view h1_0 left join hotel_amenity_view h1_1 on h1_0.hotel_id=h1_1.hotel_id where h1_0.minimal_cost>=? and h1_0.minimal_cost<=? and h1_0.star in(?,?) offset ? rows fetch first ? rows only
2024-01-14T16:19:45.992+07:00  INFO 12068 --- [Selector-IO-Thread-2] com.kien.http.HttpAdapter                : Flushed
2024-01-14T16:19:51.743+07:00  INFO 12068 --- [Selector-IO-Thread-2] com.kien.http.HttpAdapter                : Stopped Http Adapter
2024-01-14T16:19:51.743+07:00  INFO 12068 --- [Selector-IO-Thread-3] com.kien.http.HttpAdapter                : Stopped Http Adapter
2024-01-14T16:19:55.510+07:00  INFO 12068 --- [Selector-IO-Thread-4] com.kien.http.HttpAdapter                : Started Http Adapter
2024-01-14T16:19:55.518+07:00 DEBUG 12068 --- [Selector-IO-Thread-4] org.hibernate.SQL                        : select h1_0.hotel_id,case when h1_1.hotel_id is not null then 1 when h1_0.hotel_id is not null then 0 end,h1_0.description,h1_0.images,h1_0.minimal_cost,h1_0.currency,h1_0.name,h1_0.star,h1_1.breakfast,h1_1.internet,h1_1.parking,h1_1.pool from hotel_summary_view h1_0 left join hotel_amenity_view h1_1 on h1_0.hotel_id=h1_1.hotel_id where h1_0.minimal_cost>=? and h1_0.minimal_cost<=? offset ? rows fetch first ? rows only
2024-01-14T16:19:55.538+07:00  INFO 12068 --- [Selector-IO-Thread-4] com.kien.http.HttpAdapter                : Flushed
2024-01-14T16:19:55.560+07:00 DEBUG 12068 --- [Selector-IO-Thread-4] org.hibernate.SQL                        : select h1_0.hotel_id,case when h1_1.hotel_id is not null then 1 when h1_0.hotel_id is not null then 0 end,h1_0.description,h1_0.images,h1_0.minimal_cost,h1_0.currency,h1_0.name,h1_0.star,h1_1.breakfast,h1_1.internet,h1_1.parking,h1_1.pool from hotel_summary_view h1_0 left join hotel_amenity_view h1_1 on h1_0.hotel_id=h1_1.hotel_id where h1_0.minimal_cost>=? and h1_0.minimal_cost<=? offset ? rows fetch first ? rows only
2024-01-14T16:19:55.596+07:00  INFO 12068 --- [Selector-IO-Thread-4] com.kien.http.HttpAdapter                : Flushed
2024-01-14T16:19:55.596+07:00  INFO 12068 --- [Selector-IO-Thread-5] com.kien.http.HttpAdapter                : Started Http Adapter
2024-01-14T16:19:55.609+07:00 DEBUG 12068 --- [Selector-IO-Thread-5] org.hibernate.SQL                        : select h1_0.hotel_id,case when h1_1.hotel_id is not null then 1 when h1_0.hotel_id is not null then 0 end,h1_0.description,h1_0.images,h1_0.minimal_cost,h1_0.currency,h1_0.name,h1_0.star,h1_1.breakfast,h1_1.internet,h1_1.parking,h1_1.pool from hotel_summary_view h1_0 left join hotel_amenity_view h1_1 on h1_0.hotel_id=h1_1.hotel_id where h1_0.minimal_cost>=? and h1_0.minimal_cost<=? offset ? rows fetch first ? rows only
2024-01-14T16:19:55.621+07:00  INFO 12068 --- [Selector-IO-Thread-6] com.kien.http.HttpAdapter                : Started Http Adapter
2024-01-14T16:19:55.632+07:00  INFO 12068 --- [Selector-IO-Thread-5] com.kien.http.HttpAdapter                : Flushed
2024-01-14T16:19:55.632+07:00 DEBUG 12068 --- [Selector-IO-Thread-4] org.hibernate.SQL                        : select h1_0.hotel_id,case when h1_1.hotel_id is not null then 1 when h1_0.hotel_id is not null then 0 end,h1_0.description,h1_0.images,h1_0.minimal_cost,h1_0.currency,h1_0.name,h1_0.star,h1_1.breakfast,h1_1.internet,h1_1.parking,h1_1.pool from hotel_summary_view h1_0 left join hotel_amenity_view h1_1 on h1_0.hotel_id=h1_1.hotel_id where h1_0.minimal_cost>=? and h1_0.minimal_cost<=? offset ? rows fetch first ? rows only
2024-01-14T16:19:55.649+07:00  INFO 12068 --- [Selector-IO-Thread-7] com.kien.http.HttpAdapter                : Started Http Adapter
2024-01-14T16:19:55.688+07:00  INFO 12068 --- [Selector-IO-Thread-0] com.kien.http.HttpAdapter                : Started Http Adapter
2024-01-14T16:19:55.704+07:00  INFO 12068 --- [Selector-IO-Thread-4] com.kien.http.HttpAdapter                : Flushed
2024-01-14T16:19:55.706+07:00 DEBUG 12068 --- [Selector-IO-Thread-0] org.hibernate.SQL                        : select h1_0.hotel_id,case when h1_1.hotel_id is not null then 1 when h1_0.hotel_id is not null then 0 end,h1_0.description,h1_0.images,h1_0.minimal_cost,h1_0.currency,h1_0.name,h1_0.star,h1_1.breakfast,h1_1.internet,h1_1.parking,h1_1.pool from hotel_summary_view h1_0 left join hotel_amenity_view h1_1 on h1_0.hotel_id=h1_1.hotel_id where h1_0.minimal_cost>=? and h1_0.minimal_cost<=? offset ? rows fetch first ? rows only
2024-01-14T16:19:55.710+07:00  INFO 12068 --- [Selector-IO-Thread-1] com.kien.http.HttpAdapter                : Started Http Adapter
2024-01-14T16:19:55.728+07:00  INFO 12068 --- [Selector-IO-Thread-0] com.kien.http.HttpAdapter                : Flushed
2024-01-14T16:19:55.733+07:00 DEBUG 12068 --- [Selector-IO-Thread-5] org.hibernate.SQL                        : select h1_0.hotel_id,case when h1_1.hotel_id is not null then 1 when h1_0.hotel_id is not null then 0 end,h1_0.description,h1_0.images,h1_0.minimal_cost,h1_0.currency,h1_0.name,h1_0.star,h1_1.breakfast,h1_1.internet,h1_1.parking,h1_1.pool from hotel_summary_view h1_0 left join hotel_amenity_view h1_1 on h1_0.hotel_id=h1_1.hotel_id where h1_0.minimal_cost>=? and h1_0.minimal_cost<=? offset ? rows fetch first ? rows only
2024-01-14T16:19:55.772+07:00  INFO 12068 --- [Selector-IO-Thread-5] com.kien.http.HttpAdapter                : Flushed
2024-01-14T16:19:55.786+07:00 DEBUG 12068 --- [Selector-IO-Thread-7] org.hibernate.SQL                        : select h1_0.hotel_id,case when h1_1.hotel_id is not null then 1 when h1_0.hotel_id is not null then 0 end,h1_0.description,h1_0.images,h1_0.minimal_cost,h1_0.currency,h1_0.name,h1_0.star,h1_1.breakfast,h1_1.internet,h1_1.parking,h1_1.pool from hotel_summary_view h1_0 left join hotel_amenity_view h1_1 on h1_0.hotel_id=h1_1.hotel_id where h1_0.minimal_cost>=? and h1_0.minimal_cost<=? offset ? rows fetch first ? rows only
2024-01-14T16:19:55.839+07:00  INFO 12068 --- [Selector-IO-Thread-7] com.kien.http.HttpAdapter                : Flushed
2024-01-14T16:19:55.845+07:00 DEBUG 12068 --- [Selector-IO-Thread-6] org.hibernate.SQL                        : select h1_0.hotel_id,case when h1_1.hotel_id is not null then 1 when h1_0.hotel_id is not null then 0 end,h1_0.description,h1_0.images,h1_0.minimal_cost,h1_0.currency,h1_0.name,h1_0.star,h1_1.breakfast,h1_1.internet,h1_1.parking,h1_1.pool from hotel_summary_view h1_0 left join hotel_amenity_view h1_1 on h1_0.hotel_id=h1_1.hotel_id where h1_0.minimal_cost>=? and h1_0.minimal_cost<=? offset ? rows fetch first ? rows only
2024-01-14T16:19:55.893+07:00  INFO 12068 --- [Selector-IO-Thread-6] com.kien.http.HttpAdapter                : Flushed
2024-01-14T16:20:01.750+07:00  INFO 12068 --- [Selector-IO-Thread-4] com.kien.http.HttpAdapter                : Stopped Http Adapter
2024-01-14T16:20:01.750+07:00  INFO 12068 --- [Selector-IO-Thread-7] com.kien.http.HttpAdapter                : Stopped Http Adapter
2024-01-14T16:20:01.750+07:00  INFO 12068 --- [Selector-IO-Thread-0] com.kien.http.HttpAdapter                : Stopped Http Adapter
2024-01-14T16:20:01.750+07:00  INFO 12068 --- [Selector-IO-Thread-1] com.kien.http.HttpAdapter                : Stopped Http Adapter
2024-01-14T16:20:01.750+07:00  INFO 12068 --- [Selector-IO-Thread-5] com.kien.http.HttpAdapter                : Stopped Http Adapter
2024-01-14T16:20:01.750+07:00  INFO 12068 --- [Selector-IO-Thread-6] com.kien.http.HttpAdapter                : Stopped Http Adapter
